<?xml version="1.0" encoding="UTF-8"?>
<testsuite xmlns:xsi="http://www.w3.org/2001/XMLSchema-instance" xsi:noNamespaceSchemaLocation="https://maven.apache.org/surefire/maven-surefire-plugin/xsd/surefire-test-report.xsd" version="3.0.2" name="com.fifththird.edo.processingcore.ProcessingCoreApplicationTests" time="3.008" tests="1" errors="0" skipped="0" failures="0">
  <properties>
[...]
</properties>
  <testcase name="contextLoads" classname="com.fifththird.edo.processingcore.ProcessingCoreApplicationTests" time="0.673">
    <system-out><![CDATA[15:14:02.783 [main] INFO org.springframework.test.context.support.AnnotationConfigContextLoaderUtils -- Could not detect default configuration classes for test class [com.fifththird.edo.processingcore.ProcessingCoreApplicationTests]: ProcessingCoreApplicationTests does not declare any static, non-private, non-final, nested classes annotated with @Configuration.
15:14:02.897 [main] INFO org.springframework.boot.test.context.SpringBootTestContextBootstrapper -- Found @SpringBootConfiguration com.fifththird.edo.processingcore.ProcessingCoreApplication for test class com.fifththird.edo.processingcore.ProcessingCoreApplicationTests

  .   ____          _            __ _ _
 /\\ / ___'_ __ _ _(_)_ __  __ _ \ \ \ \
( ( )\___ | '_ | '_| | '_ \/ _` | \ \ \ \
 \\/  ___)| |_)| | | | | || (_| |  ) ) ) )
  '  |____| .__|_| |_|_| |_\__, | / / / /
 =========|_|==============|___/=/_/_/_/

 :: Spring Boot ::                (v3.5.1)

2025-07-04 15:14:03 - Starting ProcessingCoreApplicationTests using Java 24.0.1 with PID 94401 (started by josephrust in /Users/josephrust/git-projects/data-processing-engine/processingcore)
2025-07-04 15:14:03 - The following 1 profile is active: "test"
2025-07-04 15:14:04 - Started ProcessingCoreApplicationTests in 1.922 seconds (process running for 3.119)
]]></system-out>
    <system-err><![CDATA[Mockito is currently self-attaching to enable the inline-mock-maker. This will no longer work in future releases of the JDK. Please add Mockito as an agent to your build as described in Mockito's documentation: https://javadoc.io/doc/org.mockito/mockito-core/latest/org.mockito/org/mockito/Mockito.html#0.3
WARNING: A Java agent has been loaded dynamically (/Users/josephrust/.m2/repository/net/bytebuddy/byte-buddy-agent/1.17.6/byte-buddy-agent-1.17.6.jar)
WARNING: If a serviceability tool is in use, please run with -XX:+EnableDynamicAgentLoading to hide this warning
WARNING: If a serviceability tool is not in use, please run with -Djdk.instrument.traceUsage for more information
WARNING: Dynamic loading of agents will be disallowed by default in a future release
]]></system-err>
  </testcase>
</testsuite>